Arguments: 
  C:\Program Files\nodejs\node.exe C:\Users\sohor\AppData\Roaming\npm\node_modules\yarn\bin\yarn.js

PATH: 
  C:\VulkanSDK\1.3.236.0\Bin;C:\Program Files\Oculus\Support\oculus-runtime;C:\Program Files (x86)\NVIDIA Corporation\PhysX\Common;C:\Program Files (x86)\Common Files\Intel\Shared Libraries\redist\intel64\compiler;C:\Program Files\Common Files\Oracle\Java\javapath;C:\Program Files (x86)\Common Files\Oracle\Java\javapath;C:\Windows\system32;C:\Windows;C:\Windows\System32\Wbem;C:\Windows\System32\WindowsPowerShell\v1.0\;C:\Windows\System32\OpenSSH\;C:\Program Files\Cloudflare\Cloudflare WARP;C:\Program Files\Microsoft SQL Server\Client SDK\ODBC\110\Tools\Binn\;C:\Program Files (x86)\Microsoft SQL Server\120\Tools\Binn\;C:\Program Files\Microsoft SQL Server\120\Tools\Binn\;C:\Program Files\Microsoft SQL Server\120\DTS\Binn\;C:\Program Files (x86)\Windows Kits\8.1\Windows Performance Toolkit\;C:\Program Files\dotnet\;C:\Users\sohor\AppData\Local\Programs\Python\Python39\Scripts;C:\ffmpeg;C:\Users\sohor\AppData\Local\Programs\Python\Python39\;C:\Program Files\VideoLAN\VLC\;C:\Program Files\PostgreSQL\14\bin;C:\Users\sohor\AppData\Local\Android\Sdk\platform-tools;C:\Program Files\MATLAB\R2022a\bin;C:\Windows\system32;C:\Windows;C:\Windows\System32\Wbem;C:\Windows\System32\WindowsPowerShell\v1.0\;C:\Windows\System32\OpenSSH\;C:\Program Files\Cloudflare\Cloudflare WARP\;C:\Program Files\Git\cmd;C:\Users\sohor\AppData\Roaming\nvm;C:\Program Files\nodejs;C:\Program Files\PostgreSQL\15\bin\;C:\Users\sohor\.cargo\bin;C:\Users\sohor\AppData\Local\Programs\Python\Python39\Scripts\;C:\Users\sohor\AppData\Local\Programs\Python\Python39\;C:\Users\sohor\AppData\Local\Programs\Python\Launcher\;C:\Users\sohor\AppData\Local\Microsoft\WindowsApps;C:\Users\sohor\AppData\Local\Programs\Microsoft VS Code\bin;C:\Users\sohor\.dotnet\tools;C:\Program Files\PostgreSQL\14\bin;C:\Users\sohor\AppData\Local\Android\Sdk\platform-tools;C:\Users\sohor\AppData\Roaming\npm;C:\Users\sohor\AppData\Roaming\nvm;C:\Program Files\nodejs;C:\Program Files (x86)\msys64\;C:\Users\sohor\AppData\Local\GitHubDesktop\bin;D:\Development\WebstormProjects\youtube_auto_scroller\node_modules\.bin

Yarn version: 
  1.22.19

Node version: 
  16.18.1

Platform: 
  win32 x64

Trace: 
  SyntaxError: D:\Development\WebstormProjects\youtube_auto_scroller\package.json: Unexpected token } in JSON at position 375
      at JSON.parse (<anonymous>)
      at C:\Users\sohor\AppData\Roaming\npm\node_modules\yarn\lib\cli.js:1629:59
      at Generator.next (<anonymous>)
      at step (C:\Users\sohor\AppData\Roaming\npm\node_modules\yarn\lib\cli.js:310:30)
      at C:\Users\sohor\AppData\Roaming\npm\node_modules\yarn\lib\cli.js:321:13

npm manifest: 
  {
    "name": "youtube_auto_scroller",
    "version": "1.0.0",
    "description": "Automatically scrolls down the youtube page to load more videos",
    "main": "index.js",
    "scripts": {
      "test": "echo \"Error: no test specified\" && exit 1"
    },
    "dependencies": {
      "@types/chrome": "^0.0.132",
      "typescript": "^3.9.7",
      "@types/firefox-webext-browser": "^78.0.0",
  
    }
  }

yarn manifest: 
  No manifest

Lockfile: 
  No lockfile
